00:08:39,766 INFO  [Version] Hibernate Annotations 3.4.0.GA
00:08:39,782 INFO  [Environment] Hibernate 3.2.2
00:08:39,789 INFO  [Environment] hibernate.properties not found
00:08:39,791 INFO  [Environment] Bytecode provider name : cglib
00:08:39,795 INFO  [Environment] using JDK 1.4 java.sql.Timestamp handling
00:08:39,872 INFO  [Version] Hibernate Commons Annotations 3.1.0.GA
00:08:39,876 INFO  [Configuration] configuring from file: testHibernate.cfg.xml
00:08:39,927 DEBUG [DTDEntityResolver] trying to resolve system-id [http://hibernate.sourceforge.net/hibernate-configuration-3.0.dtd]
00:08:39,927 DEBUG [DTDEntityResolver] recognized hibernate namespace; attempting to resolve on classpath under org/hibernate/
00:08:39,928 DEBUG [DTDEntityResolver] located [http://hibernate.sourceforge.net/hibernate-configuration-3.0.dtd] in classpath
00:08:39,958 DEBUG [Configuration] hibernate.bytecode.use_reflection_optimizer=false
00:08:39,958 DEBUG [Configuration] hibernate.connection.password=root
00:08:39,958 DEBUG [Configuration] hibernate.connection.url=jdbc:mysql://localhost:3306/testSafeAppDb
00:08:39,959 DEBUG [Configuration] hibernate.connection.username=root
00:08:39,959 DEBUG [Configuration] hibernate.connection.driver_class=com.mysql.jdbc.Driver
00:08:39,959 DEBUG [Configuration] hibernate.dialect=org.hibernate.dialect.MySQLDialect
00:08:39,959 DEBUG [Configuration] show_sql=true
00:08:39,959 DEBUG [Configuration] format_sql=true
00:08:39,959 DEBUG [Configuration] use_sql_comments=false
00:08:39,959 DEBUG [Configuration] hibernate.hbm2ddl.auto=create
00:08:39,960 DEBUG [AnnotationConfiguration] null <- org.dom4j.tree.DefaultAttribute@1ce2dd4 [Attribute: name class value "com.mcafee.scor.safety.model.rawData.RawData"]
00:08:39,975 DEBUG [AnnotationConfiguration] null <- org.dom4j.tree.DefaultAttribute@f99ff5 [Attribute: name class value "com.mcafee.scor.safety.model.processedData.ProcessedData"]
00:08:39,986 INFO  [Configuration] Configured SessionFactory: null
00:08:39,986 DEBUG [Configuration] properties: {hibernate.connection.password=root, java.runtime.name=Java(TM) SE Runtime Environment, sun.boot.library.path=C:\Program Files (x86)\Java\jre6\bin, java.vm.version=11.0-b16, hibernate.connection.username=root, java.vm.vendor=Sun Microsystems Inc., java.vendor.url=http://java.sun.com/, path.separator=;, java.vm.name=Java HotSpot(TM) Client VM, file.encoding.pkg=sun.io, user.country=US, sun.java.launcher=SUN_STANDARD, sun.os.patch.level=, java.vm.specification.name=Java Virtual Machine Specification, user.dir=D:\safeApp\safeApp\SafetyWebApp, java.runtime.version=1.6.0_11-b03, java.awt.graphicsenv=sun.awt.Win32GraphicsEnvironment, java.endorsed.dirs=C:\Program Files (x86)\Java\jre6\lib\endorsed, os.arch=x86, java.io.tmpdir=C:\Users\SAMSUNG\AppData\Local\Temp\, line.separator=
, java.vm.specification.vendor=Sun Microsystems Inc., user.variant=, os.name=Windows Vista, use_sql_comments=false, sun.jnu.encoding=Cp1252, java.library.path=C:\Program Files (x86)\Java\jre6\bin;.;C:\Windows\Sun\Java\bin;C:\Windows\system32;C:\Windows;C:/Program Files (x86)/Java/jre6/bin/client;C:/Program Files (x86)/Java/jre6/bin;C:/Program Files (x86)/Java/jre6/lib/i386;C:\Program Files (x86)\RSA SecurID Token Common;C:\Program Files (x86)\Intel\iCLS Client\;C:\Program Files\Intel\iCLS Client\;C:\Program Files (x86)\AMD APP\bin\x86_64;C:\Program Files (x86)\AMD APP\bin\x86;C:\Windows\system32;C:\Windows;C:\Windows\System32\Wbem;C:\Windows\System32\WindowsPowerShell\v1.0\;C:\Program Files (x86)\ATI Technologies\ATI.ACE\Core-Static;C:\Program Files\Intel\Intel(R) Management Engine Components\DAL;C:\Program Files\Intel\Intel(R) Management Engine Components\IPT;C:\Program Files (x86)\Intel\Intel(R) Management Engine Components\DAL;C:\Program Files (x86)\Intel\Intel(R) Management Engine Components\IPT;C:\Program Files (x86)\Java\jdk1.6.0_11\bin;C:\Program Files (x86)\Notepad++;C:\Python33;C:\Program Files (x86)\Vim\vim73;C:\Program Files (x86)\Git\cmd;C:\Program Files (x86)\WinMerge;C:\Users\SAMSUNG\Downloads\eclipse-jee-kepler-R-win32\eclipse;, java.specification.name=Java Platform API Specification, java.class.version=50.0, sun.management.compiler=HotSpot Client Compiler, os.version=6.1, user.home=C:\Users\SAMSUNG, user.timezone=Asia/Calcutta, java.awt.printerjob=sun.awt.windows.WPrinterJob, file.encoding=Cp1252, java.specification.version=1.6, hibernate.format_sql=true, hibernate.connection.driver_class=com.mysql.jdbc.Driver, show_sql=true, user.name=SAMSUNG, java.class.path=D:\safeApp\safeApp\SafetyWebApp\target\test-classes;D:\safeApp\safeApp\SafetyWebApp\target\classes;C:\Users\SAMSUNG\.m2\repository\junit\junit\4.11\junit-4.11.jar;C:\Users\SAMSUNG\.m2\repository\org\hamcrest\hamcrest-core\1.3\hamcrest-core-1.3.jar;C:\Users\SAMSUNG\.m2\repository\org\springframework\spring-context\3.0.5.RELEASE\spring-context-3.0.5.RELEASE.jar;C:\Users\SAMSUNG\.m2\repository\org\springframework\spring-aop\3.0.5.RELEASE\spring-aop-3.0.5.RELEASE.jar;C:\Users\SAMSUNG\.m2\repository\org\springframework\spring-expression\3.0.5.RELEASE\spring-expression-3.0.5.RELEASE.jar;C:\Users\SAMSUNG\.m2\repository\org\springframework\spring-asm\3.0.5.RELEASE\spring-asm-3.0.5.RELEASE.jar;C:\Users\SAMSUNG\.m2\repository\org\springframework\spring-core\3.0.5.RELEASE\spring-core-3.0.5.RELEASE.jar;C:\Users\SAMSUNG\.m2\repository\org\springframework\spring-web\3.0.5.RELEASE\spring-web-3.0.5.RELEASE.jar;C:\Users\SAMSUNG\.m2\repository\aopalliance\aopalliance\1.0\aopalliance-1.0.jar;C:\Users\SAMSUNG\.m2\repository\org\springframework\spring-webmvc\3.0.5.RELEASE\spring-webmvc-3.0.5.RELEASE.jar;C:\Users\SAMSUNG\.m2\repository\org\springframework\spring-context-support\3.0.5.RELEASE\spring-context-support-3.0.5.RELEASE.jar;C:\Users\SAMSUNG\.m2\repository\org\springframework\spring-beans\3.0.5.RELEASE\spring-beans-3.0.5.RELEASE.jar;C:\Users\SAMSUNG\.m2\repository\org\springframework\spring-oxm\3.0.5.RELEASE\spring-oxm-3.0.5.RELEASE.jar;C:\Users\SAMSUNG\.m2\repository\org\springframework\spring-orm\3.0.5.RELEASE\spring-orm-3.0.5.RELEASE.jar;C:\Users\SAMSUNG\.m2\repository\org\springframework\spring-jdbc\3.0.5.RELEASE\spring-jdbc-3.0.5.RELEASE.jar;C:\Users\SAMSUNG\.m2\repository\org\springframework\spring-tx\3.0.5.RELEASE\spring-tx-3.0.5.RELEASE.jar;C:\Users\SAMSUNG\.m2\repository\javax\servlet\servlet-api\2.5\servlet-api-2.5.jar;C:\Users\SAMSUNG\.m2\repository\org\codehaus\jackson\jackson-mapper-asl\1.3.0\jackson-mapper-asl-1.3.0.jar;C:\Users\SAMSUNG\.m2\repository\org\codehaus\jackson\jackson-core-asl\1.3.0\jackson-core-asl-1.3.0.jar;C:\Users\SAMSUNG\.m2\repository\org\apache\openejb\commons-dbcp-all\1.3\commons-dbcp-all-1.3.jar;C:\Users\SAMSUNG\.m2\repository\mysql\mysql-connector-java\5.1.9\mysql-connector-java-5.1.9.jar;C:\Users\SAMSUNG\.m2\repository\org\hibernate\hibernate-validator\4.0.2.GA\hibernate-validator-4.0.2.GA.jar;C:\Users\SAMSUNG\.m2\repository\javax\validation\validation-api\1.0.0.GA\validation-api-1.0.0.GA.jar;C:\Users\SAMSUNG\.m2\repository\javax\xml\bind\jaxb-api\2.1\jaxb-api-2.1.jar;C:\Users\SAMSUNG\.m2\repository\javax\xml\stream\stax-api\1.0-2\stax-api-1.0-2.jar;C:\Users\SAMSUNG\.m2\repository\javax\activation\activation\1.1\activation-1.1.jar;C:\Users\SAMSUNG\.m2\repository\com\sun\xml\bind\jaxb-impl\2.1.3\jaxb-impl-2.1.3.jar;C:\Users\SAMSUNG\.m2\repository\org\hibernate\hibernate\3.2.2.ga\hibernate-3.2.2.ga.jar;C:\Users\SAMSUNG\.m2\repository\net\sf\ehcache\ehcache\1.2.3\ehcache-1.2.3.jar;C:\Users\SAMSUNG\.m2\repository\javax\transaction\jta\1.0.1B\jta-1.0.1B.jar;C:\Users\SAMSUNG\.m2\repository\asm\asm\2.2.3\asm-2.2.3.jar;C:\Users\SAMSUNG\.m2\repository\cglib\cglib-nodep\2.1_3\cglib-nodep-2.1_3.jar;C:\Users\SAMSUNG\.m2\repository\dom4j\dom4j\1.6.1\dom4j-1.6.1.jar;C:\Users\SAMSUNG\.m2\repository\xml-apis\xml-apis\1.0.b2\xml-apis-1.0.b2.jar;C:\Users\SAMSUNG\.m2\repository\commons-logging\commons-logging\1.1.1\commons-logging-1.1.1.jar;C:\Users\SAMSUNG\.m2\repository\commons-collections\commons-collections\3.2.1\commons-collections-3.2.1.jar;C:\Users\SAMSUNG\.m2\repository\antlr\antlr\2.7.6\antlr-2.7.6.jar;C:\Users\SAMSUNG\.m2\repository\org\hibernate\hibernate-commons-annotations\3.1.0.GA\hibernate-commons-annotations-3.1.0.GA.jar;C:\Users\SAMSUNG\.m2\repository\org\hibernate\hibernate-annotations\3.4.0.GA\hibernate-annotations-3.4.0.GA.jar;C:\Users\SAMSUNG\.m2\repository\org\hibernate\ejb3-persistence\1.0.2.GA\ejb3-persistence-1.0.2.GA.jar;C:\Users\SAMSUNG\.m2\repository\org\hibernate\hibernate-core\3.3.0.SP1\hibernate-core-3.3.0.SP1.jar;C:\Users\SAMSUNG\.m2\repository\log4j\log4j\1.2.13\log4j-1.2.13.jar;C:\Users\SAMSUNG\.m2\repository\org\slf4j\slf4j-api\1.4.2\slf4j-api-1.4.2.jar;C:\Users\SAMSUNG\.m2\repository\org\slf4j\slf4j-log4j12\1.4.2\slf4j-log4j12-1.4.2.jar;C:\Users\SAMSUNG\.m2\repository\org\slf4j\jcl104-over-slf4j\1.4.2\jcl104-over-slf4j-1.4.2.jar;C:\Users\SAMSUNG\.m2\repository\org\apache\httpcomponents\httpclient\4.1.2\httpclient-4.1.2.jar;C:\Users\SAMSUNG\.m2\repository\commons-codec\commons-codec\1.4\commons-codec-1.4.jar;C:\Users\SAMSUNG\.m2\repository\org\apache\httpcomponents\httpcore\4.1.2\httpcore-4.1.2.jar;C:\Users\SAMSUNG\.m2\repository\com\google\code\gson\gson\2.2.2\gson-2.2.2.jar;C:\Users\SAMSUNG\.m2\repository\org\apache\commons\commons-lang3\3.0.1\commons-lang3-3.0.1.jar;C:\Users\SAMSUNG\.m2\repository\javax\servlet\jstl\1.2\jstl-1.2.jar;/C:/Users/SAMSUNG/Downloads/eclipse-jee-kepler-R-win32/eclipse/configuration/org.eclipse.osgi/bundles/358/1/.cp/;/C:/Users/SAMSUNG/Downloads/eclipse-jee-kepler-R-win32/eclipse/configuration/org.eclipse.osgi/bundles/357/1/.cp/, format_sql=true, hibernate.bytecode.use_reflection_optimizer=false, hibernate.use_sql_comments=false, hibernate.show_sql=true, java.vm.specification.version=1.0, java.home=C:\Program Files (x86)\Java\jre6, sun.arch.data.model=32, hibernate.dialect=org.hibernate.dialect.MySQLDialect, hibernate.connection.url=jdbc:mysql://localhost:3306/testSafeAppDb, user.language=en, java.specification.vendor=Sun Microsystems Inc., awt.toolkit=sun.awt.windows.WToolkit, java.vm.info=mixed mode, sharing, java.version=1.6.0_11, java.ext.dirs=C:\Program Files (x86)\Java\jre6\lib\ext;C:\Windows\Sun\Java\lib\ext, sun.boot.class.path=C:\Program Files (x86)\Java\jre6\lib\resources.jar;C:\Program Files (x86)\Java\jre6\lib\rt.jar;C:\Program Files (x86)\Java\jre6\lib\sunrsasign.jar;C:\Program Files (x86)\Java\jre6\lib\jsse.jar;C:\Program Files (x86)\Java\jre6\lib\jce.jar;C:\Program Files (x86)\Java\jre6\lib\charsets.jar;C:\Program Files (x86)\Java\jre6\classes, java.vendor=Sun Microsystems Inc., file.separator=\, hibernate.hbm2ddl.auto=create, java.vendor.url.bug=http://java.sun.com/cgi-bin/bugreport.cgi, sun.io.unicode.encoding=UnicodeLittle, sun.cpu.endian=little, sun.desktop=windows, sun.cpu.isalist=pentium_pro+mmx pentium_pro pentium+mmx pentium i486 i386 i86}
00:08:39,988 DEBUG [AnnotationConfiguration] Validator not present in classpath, ignoring event listener registration
00:08:39,992 DEBUG [HibernateSearchEventListenerRegister] Search not present in classpath, ignoring event listener registration.
00:08:39,992 INFO  [HibernateSearchEventListenerRegister] Unable to find org.hibernate.search.event.FullTextIndexEventListener on the classpath. Hibernate Search is not enabled.
00:08:39,992 DEBUG [Configuration] Preparing to build session factory with filters : {}
00:08:39,992 DEBUG [AnnotationConfiguration] Execute first pass mapping processing
00:08:40,049 DEBUG [AnnotationConfiguration] Process hbm files
00:08:40,049 DEBUG [AnnotationConfiguration] Process annotated classes
00:08:40,054 INFO  [AnnotationBinder] Binding entity from annotated class: com.mcafee.scor.safety.model.rawData.RawData
00:08:40,084 DEBUG [Ejb3Column] Binding column DTYPE. Unique false. Nullable false.
00:08:40,107 DEBUG [EntityBinder] Import with entity name RawData
00:08:40,116 INFO  [EntityBinder] Bind entity com.mcafee.scor.safety.model.rawData.RawData on table raw_data
00:08:40,124 DEBUG [AnnotationBinder] Processing com.mcafee.scor.safety.model.rawData.RawData property annotation
00:08:40,187 DEBUG [AnnotationBinder] Processing annotations of com.mcafee.scor.safety.model.rawData.RawData.id
00:08:40,192 DEBUG [Ejb3Column] Binding column id. Unique false. Nullable false.
00:08:40,192 DEBUG [AnnotationBinder] id is an id
00:08:40,193 DEBUG [AnnotationBinder] Add generic generator with name: increment
00:08:40,199 DEBUG [SimpleValueBinder] building SimpleValue for id
00:08:40,212 DEBUG [PropertyBinder] Building property id
00:08:40,217 DEBUG [AnnotationBinder] Bind @Id on id
00:08:40,218 DEBUG [AnnotationBinder] Processing annotations of com.mcafee.scor.safety.model.rawData.RawData.coordinatesString
00:08:40,218 DEBUG [Ejb3Column] Binding column coordinatesString. Unique false. Nullable true.
00:08:40,221 DEBUG [PropertyBinder] binding property coordinatesString with lazy=false
00:08:40,221 DEBUG [SimpleValueBinder] building SimpleValue for coordinatesString
00:08:40,222 DEBUG [PropertyBinder] Building property coordinatesString
00:08:40,222 DEBUG [AnnotationBinder] Processing annotations of com.mcafee.scor.safety.model.rawData.RawData.streetName
00:08:40,222 DEBUG [Ejb3Column] Binding column streetName. Unique false. Nullable true.
00:08:40,222 DEBUG [PropertyBinder] binding property streetName with lazy=false
00:08:40,222 DEBUG [SimpleValueBinder] building SimpleValue for streetName
00:08:40,223 DEBUG [PropertyBinder] Building property streetName
00:08:40,223 DEBUG [AnnotationBinder] Processing annotations of com.mcafee.scor.safety.model.rawData.RawData.time
00:08:40,223 DEBUG [Ejb3Column] Binding column time. Unique false. Nullable true.
00:08:40,223 DEBUG [PropertyBinder] binding property time with lazy=false
00:08:40,223 DEBUG [SimpleValueBinder] building SimpleValue for time
00:08:40,224 DEBUG [PropertyBinder] Building property time
00:08:40,224 DEBUG [AnnotationBinder] Processing annotations of com.mcafee.scor.safety.model.rawData.RawData.victimTransport
00:08:40,224 DEBUG [Ejb3Column] Binding column victimTransport. Unique false. Nullable true.
00:08:40,224 DEBUG [PropertyBinder] binding property victimTransport with lazy=false
00:08:40,228 DEBUG [SimpleValueBinder] building SimpleValue for victimTransport
00:08:40,228 DEBUG [PropertyBinder] Building property victimTransport
00:08:40,231 INFO  [AnnotationBinder] Binding entity from annotated class: com.mcafee.scor.safety.model.processedData.ProcessedData
00:08:40,232 DEBUG [Ejb3Column] Binding column DTYPE. Unique false. Nullable false.
00:08:40,232 DEBUG [EntityBinder] Import with entity name ProcessedData
00:08:40,232 INFO  [EntityBinder] Bind entity com.mcafee.scor.safety.model.processedData.ProcessedData on table processed_data
00:08:40,232 DEBUG [AnnotationBinder] Processing com.mcafee.scor.safety.model.processedData.ProcessedData property annotation
00:08:40,247 DEBUG [AnnotationBinder] Processing annotations of com.mcafee.scor.safety.model.processedData.ProcessedData.autoId
00:08:40,247 DEBUG [Ejb3Column] Binding column autoId. Unique false. Nullable false.
00:08:40,247 DEBUG [AnnotationBinder] autoId is an id
00:08:40,247 DEBUG [AnnotationBinder] Add generic generator with name: increment
00:08:40,247 DEBUG [SimpleValueBinder] building SimpleValue for autoId
00:08:40,248 DEBUG [PropertyBinder] Building property autoId
00:08:40,248 DEBUG [AnnotationBinder] Bind @Id on autoId
00:08:40,248 DEBUG [AnnotationBinder] Processing annotations of com.mcafee.scor.safety.model.processedData.ProcessedData.coordinatesString
00:08:40,249 DEBUG [Ejb3Column] Binding column coordinatesString. Unique false. Nullable true.
00:08:40,249 DEBUG [PropertyBinder] binding property coordinatesString with lazy=false
00:08:40,249 DEBUG [SimpleValueBinder] building SimpleValue for coordinatesString
00:08:40,249 DEBUG [PropertyBinder] Building property coordinatesString
00:08:40,250 DEBUG [AnnotationBinder] Processing annotations of com.mcafee.scor.safety.model.processedData.ProcessedData.numberOfCrimes
00:08:40,251 DEBUG [Ejb3Column] Binding column numberOfCrimes. Unique false. Nullable false.
00:08:40,251 DEBUG [PropertyBinder] binding property numberOfCrimes with lazy=false
00:08:40,251 DEBUG [SimpleValueBinder] building SimpleValue for numberOfCrimes
00:08:40,252 DEBUG [PropertyBinder] Building property numberOfCrimes
00:08:40,252 DEBUG [AnnotationBinder] Processing annotations of com.mcafee.scor.safety.model.processedData.ProcessedData.rating
00:08:40,253 DEBUG [Ejb3Column] Binding column rating. Unique false. Nullable true.
00:08:40,253 DEBUG [PropertyBinder] binding property rating with lazy=false
00:08:40,254 DEBUG [SimpleValueBinder] building SimpleValue for rating
00:08:40,254 DEBUG [PropertyBinder] Building property rating
00:08:40,254 DEBUG [AnnotationBinder] Processing annotations of com.mcafee.scor.safety.model.processedData.ProcessedData.streetName
00:08:40,254 DEBUG [Ejb3Column] Binding column streetName. Unique false. Nullable true.
00:08:40,254 DEBUG [PropertyBinder] binding property streetName with lazy=false
00:08:40,255 DEBUG [SimpleValueBinder] building SimpleValue for streetName
00:08:40,255 DEBUG [PropertyBinder] Building property streetName
00:08:40,255 DEBUG [AnnotationBinder] Processing annotations of com.mcafee.scor.safety.model.processedData.ProcessedData.timeOfDay
00:08:40,255 DEBUG [Ejb3Column] Binding column timeOfDay. Unique false. Nullable true.
00:08:40,255 DEBUG [PropertyBinder] binding property timeOfDay with lazy=false
00:08:40,255 DEBUG [SimpleValueBinder] building SimpleValue for timeOfDay
00:08:40,256 DEBUG [PropertyBinder] Building property timeOfDay
00:08:40,256 DEBUG [AnnotationBinder] Processing annotations of com.mcafee.scor.safety.model.processedData.ProcessedData.victimTransport
00:08:40,257 DEBUG [Ejb3Column] Binding column victimTransport. Unique false. Nullable true.
00:08:40,257 DEBUG [PropertyBinder] binding property victimTransport with lazy=false
00:08:40,257 DEBUG [SimpleValueBinder] building SimpleValue for victimTransport
00:08:40,257 DEBUG [PropertyBinder] Building property victimTransport
00:08:40,257 DEBUG [AnnotationConfiguration] processing fk mappings (*ToOne and JoinedSubclass)
00:08:40,261 DEBUG [Configuration] processing extends queue
00:08:40,261 DEBUG [Configuration] processing collection mappings
00:08:40,261 DEBUG [Configuration] processing native query and ResultSetMapping mappings
00:08:40,261 DEBUG [Configuration] processing association property references
00:08:40,261 DEBUG [Configuration] processing foreign key constraints
00:08:40,263 INFO  [AnnotationConfiguration] Hibernate Validator not found: ignoring
00:08:40,356 INFO  [DriverManagerConnectionProvider] Using Hibernate built-in connection pool (not for production use!)
00:08:40,356 INFO  [DriverManagerConnectionProvider] Hibernate connection pool size: 20
00:08:40,357 INFO  [DriverManagerConnectionProvider] autocommit mode: false
00:08:40,366 INFO  [DriverManagerConnectionProvider] using driver: com.mysql.jdbc.Driver at URL: jdbc:mysql://localhost:3306/testSafeAppDb
00:08:40,366 INFO  [DriverManagerConnectionProvider] connection properties: {user=root, password=root}
00:08:40,366 DEBUG [DriverManagerConnectionProvider] opening new JDBC connection
00:08:40,661 DEBUG [DriverManagerConnectionProvider] created connection to: jdbc:mysql://localhost:3306/testSafeAppDb, Isolation Level: 4
00:08:40,662 INFO  [SettingsFactory] RDBMS: MySQL, version: 5.6.11
00:08:40,662 INFO  [SettingsFactory] JDBC driver: MySQL-AB JDBC Driver, version: mysql-connector-java-5.1.9 ( Revision: ${svn.Revision} )
00:08:40,679 INFO  [Dialect] Using dialect: org.hibernate.dialect.MySQLDialect
00:08:40,683 INFO  [TransactionFactoryFactory] Using default transaction strategy (direct JDBC transactions)
00:08:40,685 INFO  [TransactionManagerLookupFactory] No TransactionManagerLookup configured (in JTA environment, use of read-write or transactional second-level cache is not recommended)
00:08:40,686 INFO  [SettingsFactory] Automatic flush during beforeCompletion(): disabled
00:08:40,686 INFO  [SettingsFactory] Automatic session close at end of transaction: disabled
00:08:40,686 INFO  [SettingsFactory] JDBC batch size: 15
00:08:40,686 INFO  [SettingsFactory] JDBC batch updates for versioned data: disabled
00:08:40,687 INFO  [SettingsFactory] Scrollable result sets: enabled
00:08:40,687 DEBUG [SettingsFactory] Wrap result sets: disabled
00:08:40,687 INFO  [SettingsFactory] JDBC3 getGeneratedKeys(): enabled
00:08:40,687 INFO  [SettingsFactory] Connection release mode: auto
00:08:40,688 INFO  [SettingsFactory] Maximum outer join fetch depth: 2
00:08:40,688 INFO  [SettingsFactory] Default batch fetch size: 1
00:08:40,689 INFO  [SettingsFactory] Generate SQL with comments: disabled
00:08:40,689 INFO  [SettingsFactory] Order SQL updates by primary key: disabled
00:08:40,689 INFO  [SettingsFactory] Query translator: org.hibernate.hql.ast.ASTQueryTranslatorFactory
00:08:40,691 INFO  [ASTQueryTranslatorFactory] Using ASTQueryTranslatorFactory
00:08:40,691 INFO  [SettingsFactory] Query language substitutions: {}
00:08:40,691 INFO  [SettingsFactory] JPA-QL strict compliance: disabled
00:08:40,691 INFO  [SettingsFactory] Second-level cache: enabled
00:08:40,692 INFO  [SettingsFactory] Query cache: disabled
00:08:40,692 INFO  [SettingsFactory] Cache provider: org.hibernate.cache.NoCacheProvider
00:08:40,692 INFO  [SettingsFactory] Optimize cache for minimal puts: disabled
00:08:40,692 INFO  [SettingsFactory] Structured second-level cache entries: disabled
00:08:40,697 INFO  [SettingsFactory] Echoing all SQL to stdout
00:08:40,697 INFO  [SettingsFactory] Statistics: disabled
00:08:40,697 INFO  [SettingsFactory] Deleted entity synthetic identifier rollback: disabled
00:08:40,697 INFO  [SettingsFactory] Default entity-mode: pojo
00:08:40,698 INFO  [SettingsFactory] Named query checking : enabled
00:08:40,730 INFO  [SessionFactoryImpl] building session factory
00:08:40,730 DEBUG [SessionFactoryImpl] Session factory constructed with filter configurations : {}
00:08:40,731 DEBUG [SessionFactoryImpl] instantiating session factory with properties: {java.runtime.name=Java(TM) SE Runtime Environment, hibernate.connection.password=root, sun.boot.library.path=C:\Program Files (x86)\Java\jre6\bin, java.vm.version=11.0-b16, hibernate.connection.username=root, java.vm.vendor=Sun Microsystems Inc., java.vendor.url=http://java.sun.com/, path.separator=;, java.vm.name=Java HotSpot(TM) Client VM, file.encoding.pkg=sun.io, user.country=US, sun.java.launcher=SUN_STANDARD, sun.os.patch.level=, java.vm.specification.name=Java Virtual Machine Specification, user.dir=D:\safeApp\safeApp\SafetyWebApp, java.runtime.version=1.6.0_11-b03, java.awt.graphicsenv=sun.awt.Win32GraphicsEnvironment, java.endorsed.dirs=C:\Program Files (x86)\Java\jre6\lib\endorsed, os.arch=x86, java.io.tmpdir=C:\Users\SAMSUNG\AppData\Local\Temp\, line.separator=
, java.vm.specification.vendor=Sun Microsystems Inc., user.variant=, os.name=Windows Vista, use_sql_comments=false, sun.jnu.encoding=Cp1252, java.library.path=C:\Program Files (x86)\Java\jre6\bin;.;C:\Windows\Sun\Java\bin;C:\Windows\system32;C:\Windows;C:/Program Files (x86)/Java/jre6/bin/client;C:/Program Files (x86)/Java/jre6/bin;C:/Program Files (x86)/Java/jre6/lib/i386;C:\Program Files (x86)\RSA SecurID Token Common;C:\Program Files (x86)\Intel\iCLS Client\;C:\Program Files\Intel\iCLS Client\;C:\Program Files (x86)\AMD APP\bin\x86_64;C:\Program Files (x86)\AMD APP\bin\x86;C:\Windows\system32;C:\Windows;C:\Windows\System32\Wbem;C:\Windows\System32\WindowsPowerShell\v1.0\;C:\Program Files (x86)\ATI Technologies\ATI.ACE\Core-Static;C:\Program Files\Intel\Intel(R) Management Engine Components\DAL;C:\Program Files\Intel\Intel(R) Management Engine Components\IPT;C:\Program Files (x86)\Intel\Intel(R) Management Engine Components\DAL;C:\Program Files (x86)\Intel\Intel(R) Management Engine Components\IPT;C:\Program Files (x86)\Java\jdk1.6.0_11\bin;C:\Program Files (x86)\Notepad++;C:\Python33;C:\Program Files (x86)\Vim\vim73;C:\Program Files (x86)\Git\cmd;C:\Program Files (x86)\WinMerge;C:\Users\SAMSUNG\Downloads\eclipse-jee-kepler-R-win32\eclipse;, java.specification.name=Java Platform API Specification, java.class.version=50.0, sun.management.compiler=HotSpot Client Compiler, os.version=6.1, user.home=C:\Users\SAMSUNG, user.timezone=Asia/Calcutta, java.awt.printerjob=sun.awt.windows.WPrinterJob, java.specification.version=1.6, file.encoding=Cp1252, hibernate.format_sql=true, hibernate.connection.driver_class=com.mysql.jdbc.Driver, show_sql=true, java.class.path=D:\safeApp\safeApp\SafetyWebApp\target\test-classes;D:\safeApp\safeApp\SafetyWebApp\target\classes;C:\Users\SAMSUNG\.m2\repository\junit\junit\4.11\junit-4.11.jar;C:\Users\SAMSUNG\.m2\repository\org\hamcrest\hamcrest-core\1.3\hamcrest-core-1.3.jar;C:\Users\SAMSUNG\.m2\repository\org\springframework\spring-context\3.0.5.RELEASE\spring-context-3.0.5.RELEASE.jar;C:\Users\SAMSUNG\.m2\repository\org\springframework\spring-aop\3.0.5.RELEASE\spring-aop-3.0.5.RELEASE.jar;C:\Users\SAMSUNG\.m2\repository\org\springframework\spring-expression\3.0.5.RELEASE\spring-expression-3.0.5.RELEASE.jar;C:\Users\SAMSUNG\.m2\repository\org\springframework\spring-asm\3.0.5.RELEASE\spring-asm-3.0.5.RELEASE.jar;C:\Users\SAMSUNG\.m2\repository\org\springframework\spring-core\3.0.5.RELEASE\spring-core-3.0.5.RELEASE.jar;C:\Users\SAMSUNG\.m2\repository\org\springframework\spring-web\3.0.5.RELEASE\spring-web-3.0.5.RELEASE.jar;C:\Users\SAMSUNG\.m2\repository\aopalliance\aopalliance\1.0\aopalliance-1.0.jar;C:\Users\SAMSUNG\.m2\repository\org\springframework\spring-webmvc\3.0.5.RELEASE\spring-webmvc-3.0.5.RELEASE.jar;C:\Users\SAMSUNG\.m2\repository\org\springframework\spring-context-support\3.0.5.RELEASE\spring-context-support-3.0.5.RELEASE.jar;C:\Users\SAMSUNG\.m2\repository\org\springframework\spring-beans\3.0.5.RELEASE\spring-beans-3.0.5.RELEASE.jar;C:\Users\SAMSUNG\.m2\repository\org\springframework\spring-oxm\3.0.5.RELEASE\spring-oxm-3.0.5.RELEASE.jar;C:\Users\SAMSUNG\.m2\repository\org\springframework\spring-orm\3.0.5.RELEASE\spring-orm-3.0.5.RELEASE.jar;C:\Users\SAMSUNG\.m2\repository\org\springframework\spring-jdbc\3.0.5.RELEASE\spring-jdbc-3.0.5.RELEASE.jar;C:\Users\SAMSUNG\.m2\repository\org\springframework\spring-tx\3.0.5.RELEASE\spring-tx-3.0.5.RELEASE.jar;C:\Users\SAMSUNG\.m2\repository\javax\servlet\servlet-api\2.5\servlet-api-2.5.jar;C:\Users\SAMSUNG\.m2\repository\org\codehaus\jackson\jackson-mapper-asl\1.3.0\jackson-mapper-asl-1.3.0.jar;C:\Users\SAMSUNG\.m2\repository\org\codehaus\jackson\jackson-core-asl\1.3.0\jackson-core-asl-1.3.0.jar;C:\Users\SAMSUNG\.m2\repository\org\apache\openejb\commons-dbcp-all\1.3\commons-dbcp-all-1.3.jar;C:\Users\SAMSUNG\.m2\repository\mysql\mysql-connector-java\5.1.9\mysql-connector-java-5.1.9.jar;C:\Users\SAMSUNG\.m2\repository\org\hibernate\hibernate-validator\4.0.2.GA\hibernate-validator-4.0.2.GA.jar;C:\Users\SAMSUNG\.m2\repository\javax\validation\validation-api\1.0.0.GA\validation-api-1.0.0.GA.jar;C:\Users\SAMSUNG\.m2\repository\javax\xml\bind\jaxb-api\2.1\jaxb-api-2.1.jar;C:\Users\SAMSUNG\.m2\repository\javax\xml\stream\stax-api\1.0-2\stax-api-1.0-2.jar;C:\Users\SAMSUNG\.m2\repository\javax\activation\activation\1.1\activation-1.1.jar;C:\Users\SAMSUNG\.m2\repository\com\sun\xml\bind\jaxb-impl\2.1.3\jaxb-impl-2.1.3.jar;C:\Users\SAMSUNG\.m2\repository\org\hibernate\hibernate\3.2.2.ga\hibernate-3.2.2.ga.jar;C:\Users\SAMSUNG\.m2\repository\net\sf\ehcache\ehcache\1.2.3\ehcache-1.2.3.jar;C:\Users\SAMSUNG\.m2\repository\javax\transaction\jta\1.0.1B\jta-1.0.1B.jar;C:\Users\SAMSUNG\.m2\repository\asm\asm\2.2.3\asm-2.2.3.jar;C:\Users\SAMSUNG\.m2\repository\cglib\cglib-nodep\2.1_3\cglib-nodep-2.1_3.jar;C:\Users\SAMSUNG\.m2\repository\dom4j\dom4j\1.6.1\dom4j-1.6.1.jar;C:\Users\SAMSUNG\.m2\repository\xml-apis\xml-apis\1.0.b2\xml-apis-1.0.b2.jar;C:\Users\SAMSUNG\.m2\repository\commons-logging\commons-logging\1.1.1\commons-logging-1.1.1.jar;C:\Users\SAMSUNG\.m2\repository\commons-collections\commons-collections\3.2.1\commons-collections-3.2.1.jar;C:\Users\SAMSUNG\.m2\repository\antlr\antlr\2.7.6\antlr-2.7.6.jar;C:\Users\SAMSUNG\.m2\repository\org\hibernate\hibernate-commons-annotations\3.1.0.GA\hibernate-commons-annotations-3.1.0.GA.jar;C:\Users\SAMSUNG\.m2\repository\org\hibernate\hibernate-annotations\3.4.0.GA\hibernate-annotations-3.4.0.GA.jar;C:\Users\SAMSUNG\.m2\repository\org\hibernate\ejb3-persistence\1.0.2.GA\ejb3-persistence-1.0.2.GA.jar;C:\Users\SAMSUNG\.m2\repository\org\hibernate\hibernate-core\3.3.0.SP1\hibernate-core-3.3.0.SP1.jar;C:\Users\SAMSUNG\.m2\repository\log4j\log4j\1.2.13\log4j-1.2.13.jar;C:\Users\SAMSUNG\.m2\repository\org\slf4j\slf4j-api\1.4.2\slf4j-api-1.4.2.jar;C:\Users\SAMSUNG\.m2\repository\org\slf4j\slf4j-log4j12\1.4.2\slf4j-log4j12-1.4.2.jar;C:\Users\SAMSUNG\.m2\repository\org\slf4j\jcl104-over-slf4j\1.4.2\jcl104-over-slf4j-1.4.2.jar;C:\Users\SAMSUNG\.m2\repository\org\apache\httpcomponents\httpclient\4.1.2\httpclient-4.1.2.jar;C:\Users\SAMSUNG\.m2\repository\commons-codec\commons-codec\1.4\commons-codec-1.4.jar;C:\Users\SAMSUNG\.m2\repository\org\apache\httpcomponents\httpcore\4.1.2\httpcore-4.1.2.jar;C:\Users\SAMSUNG\.m2\repository\com\google\code\gson\gson\2.2.2\gson-2.2.2.jar;C:\Users\SAMSUNG\.m2\repository\org\apache\commons\commons-lang3\3.0.1\commons-lang3-3.0.1.jar;C:\Users\SAMSUNG\.m2\repository\javax\servlet\jstl\1.2\jstl-1.2.jar;/C:/Users/SAMSUNG/Downloads/eclipse-jee-kepler-R-win32/eclipse/configuration/org.eclipse.osgi/bundles/358/1/.cp/;/C:/Users/SAMSUNG/Downloads/eclipse-jee-kepler-R-win32/eclipse/configuration/org.eclipse.osgi/bundles/357/1/.cp/, user.name=SAMSUNG, hibernate.bytecode.use_reflection_optimizer=false, format_sql=true, hibernate.show_sql=true, hibernate.use_sql_comments=false, java.vm.specification.version=1.0, sun.arch.data.model=32, java.home=C:\Program Files (x86)\Java\jre6, hibernate.connection.url=jdbc:mysql://localhost:3306/testSafeAppDb, hibernate.dialect=org.hibernate.dialect.MySQLDialect, java.specification.vendor=Sun Microsystems Inc., user.language=en, awt.toolkit=sun.awt.windows.WToolkit, java.vm.info=mixed mode, sharing, java.version=1.6.0_11, java.ext.dirs=C:\Program Files (x86)\Java\jre6\lib\ext;C:\Windows\Sun\Java\lib\ext, sun.boot.class.path=C:\Program Files (x86)\Java\jre6\lib\resources.jar;C:\Program Files (x86)\Java\jre6\lib\rt.jar;C:\Program Files (x86)\Java\jre6\lib\sunrsasign.jar;C:\Program Files (x86)\Java\jre6\lib\jsse.jar;C:\Program Files (x86)\Java\jre6\lib\jce.jar;C:\Program Files (x86)\Java\jre6\lib\charsets.jar;C:\Program Files (x86)\Java\jre6\classes, java.vendor=Sun Microsystems Inc., file.separator=\, java.vendor.url.bug=http://java.sun.com/cgi-bin/bugreport.cgi, hibernate.hbm2ddl.auto=create, sun.cpu.endian=little, sun.io.unicode.encoding=UnicodeLittle, sun.desktop=windows, sun.cpu.isalist=pentium_pro+mmx pentium_pro pentium+mmx pentium i486 i386 i86}
00:08:41,003 DEBUG [AbstractEntityPersister] Static SQL for entity: com.mcafee.scor.safety.model.processedData.ProcessedData
00:08:41,003 DEBUG [AbstractEntityPersister]  Version select: select autoId from processed_data where autoId =?
00:08:41,003 DEBUG [AbstractEntityPersister]  Snapshot select: select processedd_.autoId, processedd_.coordinatesString as coordina2_1_, processedd_.numberOfCrimes as numberOf3_1_, processedd_.rating as rating1_, processedd_.streetName as streetName1_, processedd_.timeOfDay as timeOfDay1_, processedd_.victimTransport as victimTr7_1_ from processed_data processedd_ where processedd_.autoId=?
00:08:41,003 DEBUG [AbstractEntityPersister]  Insert 0: insert into processed_data (coordinatesString, numberOfCrimes, rating, streetName, timeOfDay, victimTransport, autoId) values (?, ?, ?, ?, ?, ?, ?)
00:08:41,004 DEBUG [AbstractEntityPersister]  Update 0: update processed_data set coordinatesString=?, numberOfCrimes=?, rating=?, streetName=?, timeOfDay=?, victimTransport=? where autoId=?
00:08:41,004 DEBUG [AbstractEntityPersister]  Delete 0: delete from processed_data where autoId=?
00:08:41,013 DEBUG [AbstractEntityPersister] Static SQL for entity: com.mcafee.scor.safety.model.rawData.RawData
00:08:41,013 DEBUG [AbstractEntityPersister]  Version select: select id from raw_data where id =?
00:08:41,013 DEBUG [AbstractEntityPersister]  Snapshot select: select rawdata_.id, rawdata_.coordinatesString as coordina2_0_, rawdata_.streetName as streetName0_, rawdata_.time as time0_, rawdata_.victimTransport as victimTr5_0_ from raw_data rawdata_ where rawdata_.id=?
00:08:41,013 DEBUG [AbstractEntityPersister]  Insert 0: insert into raw_data (coordinatesString, streetName, time, victimTransport, id) values (?, ?, ?, ?, ?)
00:08:41,013 DEBUG [AbstractEntityPersister]  Update 0: update raw_data set coordinatesString=?, streetName=?, time=?, victimTransport=? where id=?
00:08:41,013 DEBUG [AbstractEntityPersister]  Delete 0: delete from raw_data where id=?
00:08:41,035 DEBUG [EntityLoader] Static select for entity com.mcafee.scor.safety.model.processedData.ProcessedData: select processedd0_.autoId as autoId1_0_, processedd0_.coordinatesString as coordina2_1_0_, processedd0_.numberOfCrimes as numberOf3_1_0_, processedd0_.rating as rating1_0_, processedd0_.streetName as streetName1_0_, processedd0_.timeOfDay as timeOfDay1_0_, processedd0_.victimTransport as victimTr7_1_0_ from processed_data processedd0_ where processedd0_.autoId=?
00:08:41,036 DEBUG [EntityLoader] Static select for entity com.mcafee.scor.safety.model.processedData.ProcessedData: select processedd0_.autoId as autoId1_0_, processedd0_.coordinatesString as coordina2_1_0_, processedd0_.numberOfCrimes as numberOf3_1_0_, processedd0_.rating as rating1_0_, processedd0_.streetName as streetName1_0_, processedd0_.timeOfDay as timeOfDay1_0_, processedd0_.victimTransport as victimTr7_1_0_ from processed_data processedd0_ where processedd0_.autoId=?
00:08:41,036 DEBUG [EntityLoader] Static select for entity com.mcafee.scor.safety.model.processedData.ProcessedData: select processedd0_.autoId as autoId1_0_, processedd0_.coordinatesString as coordina2_1_0_, processedd0_.numberOfCrimes as numberOf3_1_0_, processedd0_.rating as rating1_0_, processedd0_.streetName as streetName1_0_, processedd0_.timeOfDay as timeOfDay1_0_, processedd0_.victimTransport as victimTr7_1_0_ from processed_data processedd0_ where processedd0_.autoId=? for update
00:08:41,036 DEBUG [EntityLoader] Static select for entity com.mcafee.scor.safety.model.processedData.ProcessedData: select processedd0_.autoId as autoId1_0_, processedd0_.coordinatesString as coordina2_1_0_, processedd0_.numberOfCrimes as numberOf3_1_0_, processedd0_.rating as rating1_0_, processedd0_.streetName as streetName1_0_, processedd0_.timeOfDay as timeOfDay1_0_, processedd0_.victimTransport as victimTr7_1_0_ from processed_data processedd0_ where processedd0_.autoId=? for update
00:08:41,037 DEBUG [EntityLoader] Static select for entity com.mcafee.scor.safety.model.processedData.ProcessedData: select processedd0_.autoId as autoId1_0_, processedd0_.coordinatesString as coordina2_1_0_, processedd0_.numberOfCrimes as numberOf3_1_0_, processedd0_.rating as rating1_0_, processedd0_.streetName as streetName1_0_, processedd0_.timeOfDay as timeOfDay1_0_, processedd0_.victimTransport as victimTr7_1_0_ from processed_data processedd0_ where processedd0_.autoId=? for update
00:08:41,044 DEBUG [EntityLoader] Static select for action ACTION_MERGE on entity com.mcafee.scor.safety.model.processedData.ProcessedData: select processedd0_.autoId as autoId1_0_, processedd0_.coordinatesString as coordina2_1_0_, processedd0_.numberOfCrimes as numberOf3_1_0_, processedd0_.rating as rating1_0_, processedd0_.streetName as streetName1_0_, processedd0_.timeOfDay as timeOfDay1_0_, processedd0_.victimTransport as victimTr7_1_0_ from processed_data processedd0_ where processedd0_.autoId=?
00:08:41,044 DEBUG [EntityLoader] Static select for action ACTION_REFRESH on entity com.mcafee.scor.safety.model.processedData.ProcessedData: select processedd0_.autoId as autoId1_0_, processedd0_.coordinatesString as coordina2_1_0_, processedd0_.numberOfCrimes as numberOf3_1_0_, processedd0_.rating as rating1_0_, processedd0_.streetName as streetName1_0_, processedd0_.timeOfDay as timeOfDay1_0_, processedd0_.victimTransport as victimTr7_1_0_ from processed_data processedd0_ where processedd0_.autoId=?
00:08:41,045 DEBUG [EntityLoader] Static select for entity com.mcafee.scor.safety.model.rawData.RawData: select rawdata0_.id as id0_0_, rawdata0_.coordinatesString as coordina2_0_0_, rawdata0_.streetName as streetName0_0_, rawdata0_.time as time0_0_, rawdata0_.victimTransport as victimTr5_0_0_ from raw_data rawdata0_ where rawdata0_.id=?
00:08:41,045 DEBUG [EntityLoader] Static select for entity com.mcafee.scor.safety.model.rawData.RawData: select rawdata0_.id as id0_0_, rawdata0_.coordinatesString as coordina2_0_0_, rawdata0_.streetName as streetName0_0_, rawdata0_.time as time0_0_, rawdata0_.victimTransport as victimTr5_0_0_ from raw_data rawdata0_ where rawdata0_.id=?
00:08:41,045 DEBUG [EntityLoader] Static select for entity com.mcafee.scor.safety.model.rawData.RawData: select rawdata0_.id as id0_0_, rawdata0_.coordinatesString as coordina2_0_0_, rawdata0_.streetName as streetName0_0_, rawdata0_.time as time0_0_, rawdata0_.victimTransport as victimTr5_0_0_ from raw_data rawdata0_ where rawdata0_.id=? for update
00:08:41,045 DEBUG [EntityLoader] Static select for entity com.mcafee.scor.safety.model.rawData.RawData: select rawdata0_.id as id0_0_, rawdata0_.coordinatesString as coordina2_0_0_, rawdata0_.streetName as streetName0_0_, rawdata0_.time as time0_0_, rawdata0_.victimTransport as victimTr5_0_0_ from raw_data rawdata0_ where rawdata0_.id=? for update
00:08:41,046 DEBUG [EntityLoader] Static select for entity com.mcafee.scor.safety.model.rawData.RawData: select rawdata0_.id as id0_0_, rawdata0_.coordinatesString as coordina2_0_0_, rawdata0_.streetName as streetName0_0_, rawdata0_.time as time0_0_, rawdata0_.victimTransport as victimTr5_0_0_ from raw_data rawdata0_ where rawdata0_.id=? for update
00:08:41,046 DEBUG [EntityLoader] Static select for action ACTION_MERGE on entity com.mcafee.scor.safety.model.rawData.RawData: select rawdata0_.id as id0_0_, rawdata0_.coordinatesString as coordina2_0_0_, rawdata0_.streetName as streetName0_0_, rawdata0_.time as time0_0_, rawdata0_.victimTransport as victimTr5_0_0_ from raw_data rawdata0_ where rawdata0_.id=?
00:08:41,046 DEBUG [EntityLoader] Static select for action ACTION_REFRESH on entity com.mcafee.scor.safety.model.rawData.RawData: select rawdata0_.id as id0_0_, rawdata0_.coordinatesString as coordina2_0_0_, rawdata0_.streetName as streetName0_0_, rawdata0_.time as time0_0_, rawdata0_.victimTransport as victimTr5_0_0_ from raw_data rawdata0_ where rawdata0_.id=?
00:08:41,049 DEBUG [SessionFactoryObjectFactory] initializing class SessionFactoryObjectFactory
00:08:41,051 DEBUG [SessionFactoryObjectFactory] registered: 40287d814097df2e014097df2f960000 (unnamed)
00:08:41,051 INFO  [SessionFactoryObjectFactory] Not binding factory to JNDI, no JNDI name configured
00:08:41,051 DEBUG [SessionFactoryImpl] instantiated session factory
00:08:41,055 DEBUG [AnnotationConfiguration] Execute first pass mapping processing
00:08:41,055 DEBUG [AnnotationConfiguration] Process hbm files
00:08:41,055 DEBUG [AnnotationConfiguration] Process annotated classes
00:08:41,055 DEBUG [AnnotationConfiguration] processing fk mappings (*ToOne and JoinedSubclass)
00:08:41,055 DEBUG [Configuration] processing extends queue
00:08:41,055 DEBUG [Configuration] processing collection mappings
00:08:41,055 DEBUG [Configuration] processing native query and ResultSetMapping mappings
00:08:41,055 DEBUG [Configuration] processing association property references
00:08:41,055 DEBUG [Configuration] processing foreign key constraints
00:08:41,056 DEBUG [AnnotationConfiguration] Execute first pass mapping processing
00:08:41,057 DEBUG [AnnotationConfiguration] Process hbm files
00:08:41,057 DEBUG [AnnotationConfiguration] Process annotated classes
00:08:41,057 DEBUG [AnnotationConfiguration] processing fk mappings (*ToOne and JoinedSubclass)
00:08:41,057 DEBUG [Configuration] processing extends queue
00:08:41,057 DEBUG [Configuration] processing collection mappings
00:08:41,057 DEBUG [Configuration] processing native query and ResultSetMapping mappings
00:08:41,057 DEBUG [Configuration] processing association property references
00:08:41,057 DEBUG [Configuration] processing foreign key constraints
00:08:41,059 INFO  [SchemaExport] Running hbm2ddl schema export
00:08:41,061 DEBUG [SchemaExport] import file not found: /import.sql
00:08:41,061 INFO  [SchemaExport] exporting generated schema to database
00:08:41,063 DEBUG [SchemaExport] 
    drop table if exists processed_data
00:08:41,103 DEBUG [SchemaExport] 
    drop table if exists raw_data
00:08:41,111 DEBUG [SchemaExport] 
    create table processed_data (
        autoId integer not null,
        coordinatesString varchar(255),
        numberOfCrimes integer not null,
        rating integer,
        streetName varchar(255),
        timeOfDay integer,
        victimTransport integer,
        primary key (autoId)
    )
00:08:41,156 DEBUG [SchemaExport] 
    create table raw_data (
        id integer not null,
        coordinatesString varchar(255),
        streetName varchar(255),
        time bigint,
        victimTransport integer,
        primary key (id)
    )
00:08:41,171 INFO  [SchemaExport] schema export complete
00:08:41,173 DEBUG [SessionFactoryImpl] Checking 0 named HQL queries
00:08:41,173 DEBUG [SessionFactoryImpl] Checking 0 named SQL queries
00:08:41,225 DEBUG [SessionImpl] opened session at timestamp: 13769375211
00:08:41,228 DEBUG [JDBCTransaction] begin
00:08:41,228 DEBUG [ConnectionManager] opening JDBC connection
00:08:41,228 DEBUG [JDBCTransaction] current autocommit status: false
00:08:41,232 DEBUG [IncrementGenerator] fetching initial value: select max(id) from raw_data
00:08:41,232 DEBUG [AbstractBatcher] about to open PreparedStatement (open PreparedStatements: 0, globally: 0)
00:08:41,235 DEBUG [SQL] 
    select
        max(id) 
    from
        raw_data
00:08:41,258 DEBUG [IncrementGenerator] first free id: 1
00:08:41,258 DEBUG [AbstractBatcher] about to close PreparedStatement (open PreparedStatements: 1, globally: 1)
00:08:41,258 DEBUG [AbstractSaveEventListener] generated identifier: 1, using strategy: org.hibernate.id.IncrementGenerator
00:08:41,277 DEBUG [JDBCTransaction] commit
00:08:41,278 DEBUG [AbstractFlushingEventListener] processing flush-time cascades
00:08:41,279 DEBUG [AbstractFlushingEventListener] dirty checking collections
00:08:41,282 DEBUG [AbstractFlushingEventListener] Flushed: 1 insertions, 0 updates, 0 deletions to 1 objects
00:08:41,282 DEBUG [AbstractFlushingEventListener] Flushed: 0 (re)creations, 0 updates, 0 removals to 0 collections
00:08:41,283 DEBUG [Printer] listing entities:
00:08:41,284 DEBUG [Printer] com.mcafee.scor.safety.model.rawData.RawData{id=1, coordinatesString=-1:1, time=1376937521176, victimTransport=1, streetName=my street}
00:08:41,289 DEBUG [AbstractBatcher] about to open PreparedStatement (open PreparedStatements: 0, globally: 0)
00:08:41,289 DEBUG [SQL] 
    insert 
    into
        raw_data
        (coordinatesString, streetName, time, victimTransport, id) 
    values
        (?, ?, ?, ?, ?)
00:08:41,292 DEBUG [AbstractBatcher] Executing batch size: 1
00:08:41,293 DEBUG [AbstractBatcher] about to close PreparedStatement (open PreparedStatements: 1, globally: 1)
00:08:41,295 DEBUG [JDBCTransaction] committed JDBC Connection
00:08:41,295 DEBUG [ConnectionManager] aggressively releasing JDBC connection
00:08:41,295 DEBUG [ConnectionManager] releasing JDBC connection [ (open PreparedStatements: 0, globally: 0) (open ResultSets: 0, globally: 0)]
00:08:41,295 DEBUG [AbstractFlushingEventListener] processing flush-time cascades
00:08:41,295 DEBUG [AbstractFlushingEventListener] dirty checking collections
00:08:41,296 DEBUG [AbstractFlushingEventListener] Flushed: 0 insertions, 0 updates, 0 deletions to 1 objects
00:08:41,296 DEBUG [AbstractFlushingEventListener] Flushed: 0 (re)creations, 0 updates, 0 removals to 0 collections
00:08:41,296 DEBUG [Printer] listing entities:
00:08:41,296 DEBUG [Printer] com.mcafee.scor.safety.model.rawData.RawData{id=1, coordinatesString=-1:1, time=1376937521176, victimTransport=1, streetName=my street}
00:08:41,296 DEBUG [ConnectionManager] aggressively releasing JDBC connection
00:08:41,316 DEBUG [SessionImpl] opened session at timestamp: 13769375213
00:08:41,316 DEBUG [JDBCTransaction] begin
00:08:41,316 DEBUG [ConnectionManager] opening JDBC connection
00:08:41,317 DEBUG [JDBCTransaction] current autocommit status: false
00:08:41,317 DEBUG [AbstractSaveEventListener] generated identifier: 2, using strategy: org.hibernate.id.IncrementGenerator
00:08:41,317 DEBUG [JDBCTransaction] commit
00:08:41,317 DEBUG [AbstractFlushingEventListener] processing flush-time cascades
00:08:41,317 DEBUG [AbstractFlushingEventListener] dirty checking collections
00:08:41,318 DEBUG [AbstractFlushingEventListener] Flushed: 1 insertions, 0 updates, 0 deletions to 1 objects
00:08:41,318 DEBUG [AbstractFlushingEventListener] Flushed: 0 (re)creations, 0 updates, 0 removals to 0 collections
00:08:41,318 DEBUG [Printer] listing entities:
00:08:41,318 DEBUG [Printer] com.mcafee.scor.safety.model.rawData.RawData{id=2, coordinatesString=-1:1, time=1376937521316, victimTransport=1, streetName=my street}
00:08:41,318 DEBUG [AbstractBatcher] about to open PreparedStatement (open PreparedStatements: 0, globally: 0)
00:08:41,319 DEBUG [SQL] 
    insert 
    into
        raw_data
        (coordinatesString, streetName, time, victimTransport, id) 
    values
        (?, ?, ?, ?, ?)
00:08:41,320 DEBUG [AbstractBatcher] Executing batch size: 1
00:08:41,321 DEBUG [AbstractBatcher] about to close PreparedStatement (open PreparedStatements: 1, globally: 1)
00:08:41,325 DEBUG [JDBCTransaction] committed JDBC Connection
00:08:41,325 DEBUG [ConnectionManager] aggressively releasing JDBC connection
00:08:41,326 DEBUG [ConnectionManager] releasing JDBC connection [ (open PreparedStatements: 0, globally: 0) (open ResultSets: 0, globally: 0)]
00:08:41,326 DEBUG [AbstractFlushingEventListener] processing flush-time cascades
00:08:41,326 DEBUG [AbstractFlushingEventListener] dirty checking collections
00:08:41,327 DEBUG [AbstractFlushingEventListener] Flushed: 0 insertions, 0 updates, 0 deletions to 1 objects
00:08:41,327 DEBUG [AbstractFlushingEventListener] Flushed: 0 (re)creations, 0 updates, 0 removals to 0 collections
00:08:41,327 DEBUG [Printer] listing entities:
00:08:41,327 DEBUG [Printer] com.mcafee.scor.safety.model.rawData.RawData{id=2, coordinatesString=-1:1, time=1376937521316, victimTransport=1, streetName=my street}
00:08:41,327 DEBUG [ConnectionManager] aggressively releasing JDBC connection
00:08:41,328 DEBUG [SessionImpl] opened session at timestamp: 13769375213
00:08:41,328 DEBUG [JDBCTransaction] begin
00:08:41,328 DEBUG [ConnectionManager] opening JDBC connection
00:08:41,328 DEBUG [JDBCTransaction] current autocommit status: false
00:08:41,328 DEBUG [AbstractSaveEventListener] generated identifier: 3, using strategy: org.hibernate.id.IncrementGenerator
00:08:41,328 DEBUG [JDBCTransaction] commit
00:08:41,328 DEBUG [AbstractFlushingEventListener] processing flush-time cascades
00:08:41,329 DEBUG [AbstractFlushingEventListener] dirty checking collections
00:08:41,329 DEBUG [AbstractFlushingEventListener] Flushed: 1 insertions, 0 updates, 0 deletions to 1 objects
00:08:41,329 DEBUG [AbstractFlushingEventListener] Flushed: 0 (re)creations, 0 updates, 0 removals to 0 collections
00:08:41,329 DEBUG [Printer] listing entities:
00:08:41,329 DEBUG [Printer] com.mcafee.scor.safety.model.rawData.RawData{id=3, coordinatesString=-1:1, time=1376937521328, victimTransport=1, streetName=my street}
00:08:41,329 DEBUG [AbstractBatcher] about to open PreparedStatement (open PreparedStatements: 0, globally: 0)
00:08:41,330 DEBUG [SQL] 
    insert 
    into
        raw_data
        (coordinatesString, streetName, time, victimTransport, id) 
    values
        (?, ?, ?, ?, ?)
00:08:41,331 DEBUG [AbstractBatcher] Executing batch size: 1
00:08:41,332 DEBUG [AbstractBatcher] about to close PreparedStatement (open PreparedStatements: 1, globally: 1)
00:08:41,334 DEBUG [JDBCTransaction] committed JDBC Connection
00:08:41,334 DEBUG [ConnectionManager] aggressively releasing JDBC connection
00:08:41,334 DEBUG [ConnectionManager] releasing JDBC connection [ (open PreparedStatements: 0, globally: 0) (open ResultSets: 0, globally: 0)]
00:08:41,335 DEBUG [AbstractFlushingEventListener] processing flush-time cascades
00:08:41,335 DEBUG [AbstractFlushingEventListener] dirty checking collections
00:08:41,335 DEBUG [AbstractFlushingEventListener] Flushed: 0 insertions, 0 updates, 0 deletions to 1 objects
00:08:41,338 DEBUG [AbstractFlushingEventListener] Flushed: 0 (re)creations, 0 updates, 0 removals to 0 collections
00:08:41,338 DEBUG [Printer] listing entities:
00:08:41,338 DEBUG [Printer] com.mcafee.scor.safety.model.rawData.RawData{id=3, coordinatesString=-1:1, time=1376937521328, victimTransport=1, streetName=my street}
00:08:41,338 DEBUG [ConnectionManager] aggressively releasing JDBC connection
00:08:41,338 DEBUG [SessionImpl] opened session at timestamp: 13769375213
00:08:41,338 DEBUG [JDBCTransaction] begin
00:08:41,338 DEBUG [ConnectionManager] opening JDBC connection
00:08:41,339 DEBUG [JDBCTransaction] current autocommit status: false
00:08:41,415 DEBUG [QueryTranslatorImpl] parse() - HQL: From com.mcafee.scor.safety.model.rawData.RawData
00:08:41,432 DEBUG [AST] --- HQL AST ---
 \-[QUERY] 'query'
    \-[SELECT_FROM] 'SELECT_FROM'
       \-[FROM] 'From'
          \-[RANGE] 'RANGE'
             \-[DOT] '.'
                +-[DOT] '.'
                |  +-[DOT] '.'
                |  |  +-[DOT] '.'
                |  |  |  +-[DOT] '.'
                |  |  |  |  +-[DOT] '.'
                |  |  |  |  |  +-[IDENT] 'com'
                |  |  |  |  |  \-[IDENT] 'mcafee'
                |  |  |  |  \-[IDENT] 'scor'
                |  |  |  \-[IDENT] 'safety'
                |  |  \-[IDENT] 'model'
                |  \-[IDENT] 'rawData'
                \-[IDENT] 'RawData'

00:08:41,432 DEBUG [ErrorCounter] throwQueryException() : no errors
00:08:41,485 DEBUG [HqlSqlBaseWalker] select << begin [level=1, statement=select]
00:08:41,508 DEBUG [FromElement] FromClause{level=1} :  com.mcafee.scor.safety.model.rawData.RawData (no alias) -> rawdata0_
00:08:41,508 DEBUG [HqlSqlBaseWalker] select : finishing up [level=1, statement=select]
00:08:41,508 DEBUG [HqlSqlWalker] processQuery() :  ( SELECT ( FromClause{level=1} raw_data rawdata0_ ) )
00:08:41,517 DEBUG [HqlSqlWalker] Derived SELECT clause created.
00:08:41,536 DEBUG [JoinProcessor] Using FROM fragment [raw_data rawdata0_]
00:08:41,536 DEBUG [HqlSqlBaseWalker] select >> end [level=1, statement=select]
00:08:41,539 DEBUG [AST] --- SQL AST ---
 \-[SELECT] QueryNode: 'SELECT'  querySpaces (raw_data)
    +-[SELECT_CLAUSE] SelectClause: '{derived select clause}'
    |  +-[SELECT_EXPR] SelectExpressionImpl: 'rawdata0_.id as id0_' {FromElement{explicit,not a collection join,not a fetch join,fetch non-lazy properties,classAlias=null,role=null,tableName=raw_data,tableAlias=rawdata0_,origin=null,colums={,className=com.mcafee.scor.safety.model.rawData.RawData}}}
    |  \-[SQL_TOKEN] SqlFragment: 'rawdata0_.coordinatesString as coordina2_0_, rawdata0_.streetName as streetName0_, rawdata0_.time as time0_, rawdata0_.victimTransport as victimTr5_0_'
    \-[FROM] FromClause: 'From' FromClause{level=1, fromElementCounter=1, fromElements=1, fromElementByClassAlias=[], fromElementByTableAlias=[rawdata0_], fromElementsByPath=[], collectionJoinFromElementsByPath=[], impliedElements=[]}
       \-[FROM_FRAGMENT] FromElement: 'raw_data rawdata0_' FromElement{explicit,not a collection join,not a fetch join,fetch non-lazy properties,classAlias=null,role=null,tableName=raw_data,tableAlias=rawdata0_,origin=null,colums={,className=com.mcafee.scor.safety.model.rawData.RawData}}

00:08:41,539 DEBUG [ErrorCounter] throwQueryException() : no errors
00:08:41,553 DEBUG [QueryTranslatorImpl] HQL: From com.mcafee.scor.safety.model.rawData.RawData
00:08:41,553 DEBUG [QueryTranslatorImpl] SQL: select rawdata0_.id as id0_, rawdata0_.coordinatesString as coordina2_0_, rawdata0_.streetName as streetName0_, rawdata0_.time as time0_, rawdata0_.victimTransport as victimTr5_0_ from raw_data rawdata0_
00:08:41,554 DEBUG [ErrorCounter] throwQueryException() : no errors
00:08:41,590 DEBUG [AbstractBatcher] about to open PreparedStatement (open PreparedStatements: 0, globally: 0)
00:08:41,590 DEBUG [SQL] 
    select
        rawdata0_.id as id0_,
        rawdata0_.coordinatesString as coordina2_0_,
        rawdata0_.streetName as streetName0_,
        rawdata0_.time as time0_,
        rawdata0_.victimTransport as victimTr5_0_ 
    from
        raw_data rawdata0_ limit ?
00:08:41,594 DEBUG [AbstractBatcher] about to open ResultSet (open ResultSets: 0, globally: 0)
00:08:41,596 DEBUG [Loader] result row: EntityKey[com.mcafee.scor.safety.model.rawData.RawData#1]
00:08:41,599 DEBUG [Loader] result row: EntityKey[com.mcafee.scor.safety.model.rawData.RawData#2]
00:08:41,600 DEBUG [AbstractBatcher] about to close ResultSet (open ResultSets: 1, globally: 1)
00:08:41,600 DEBUG [AbstractBatcher] about to close PreparedStatement (open PreparedStatements: 1, globally: 1)
00:08:41,601 DEBUG [TwoPhaseLoad] resolving associations for [com.mcafee.scor.safety.model.rawData.RawData#1]
00:08:41,602 DEBUG [TwoPhaseLoad] done materializing entity [com.mcafee.scor.safety.model.rawData.RawData#1]
00:08:41,602 DEBUG [TwoPhaseLoad] resolving associations for [com.mcafee.scor.safety.model.rawData.RawData#2]
00:08:41,602 DEBUG [TwoPhaseLoad] done materializing entity [com.mcafee.scor.safety.model.rawData.RawData#2]
00:08:41,605 DEBUG [StatefulPersistenceContext] initializing non-lazy collections
00:08:41,605 DEBUG [JDBCTransaction] commit
00:08:41,605 DEBUG [AbstractFlushingEventListener] processing flush-time cascades
00:08:41,605 DEBUG [AbstractFlushingEventListener] dirty checking collections
00:08:41,607 DEBUG [AbstractFlushingEventListener] Flushed: 0 insertions, 0 updates, 0 deletions to 2 objects
00:08:41,607 DEBUG [AbstractFlushingEventListener] Flushed: 0 (re)creations, 0 updates, 0 removals to 0 collections
00:08:41,607 DEBUG [Printer] listing entities:
00:08:41,608 DEBUG [Printer] com.mcafee.scor.safety.model.rawData.RawData{id=1, coordinatesString=-1:1, time=1376937521176, victimTransport=1, streetName=my street}
00:08:41,608 DEBUG [Printer] com.mcafee.scor.safety.model.rawData.RawData{id=2, coordinatesString=-1:1, time=1376937521316, victimTransport=1, streetName=my street}
00:08:41,609 DEBUG [JDBCTransaction] committed JDBC Connection
00:08:41,609 DEBUG [ConnectionManager] aggressively releasing JDBC connection
00:08:41,609 DEBUG [ConnectionManager] releasing JDBC connection [ (open PreparedStatements: 0, globally: 0) (open ResultSets: 0, globally: 0)]
00:08:41,609 DEBUG [AbstractFlushingEventListener] processing flush-time cascades
00:08:41,610 DEBUG [AbstractFlushingEventListener] dirty checking collections
00:08:41,610 DEBUG [AbstractFlushingEventListener] Flushed: 0 insertions, 0 updates, 0 deletions to 2 objects
00:08:41,610 DEBUG [AbstractFlushingEventListener] Flushed: 0 (re)creations, 0 updates, 0 removals to 0 collections
00:08:41,610 DEBUG [Printer] listing entities:
00:08:41,610 DEBUG [Printer] com.mcafee.scor.safety.model.rawData.RawData{id=1, coordinatesString=-1:1, time=1376937521176, victimTransport=1, streetName=my street}
00:08:41,610 DEBUG [Printer] com.mcafee.scor.safety.model.rawData.RawData{id=2, coordinatesString=-1:1, time=1376937521316, victimTransport=1, streetName=my street}
00:08:41,611 DEBUG [ConnectionManager] aggressively releasing JDBC connection
00:08:41,611 INFO  [SessionFactoryImpl] closing
00:08:41,611 INFO  [DriverManagerConnectionProvider] cleaning up connection pool: jdbc:mysql://localhost:3306/testSafeAppDb
